mode: set
github.com/retailnext/tfref/cmd/tfref/main.go:29.13,30.22 1 0
github.com/retailnext/tfref/cmd/tfref/main.go:30.22,42.3 11 0
github.com/retailnext/tfref/cmd/tfref/main.go:44.2,51.20 5 0
github.com/retailnext/tfref/cmd/tfref/main.go:51.20,54.3 2 0
github.com/retailnext/tfref/cmd/tfref/main.go:56.2,57.20 2 0
github.com/retailnext/tfref/cmd/tfref/main.go:57.20,59.17 2 0
github.com/retailnext/tfref/cmd/tfref/main.go:59.17,62.4 2 0
github.com/retailnext/tfref/cmd/tfref/main.go:63.3,64.22 2 0
github.com/retailnext/tfref/cmd/tfref/main.go:65.8,68.3 2 0
github.com/retailnext/tfref/cmd/tfref/main.go:70.2,71.16 2 0
github.com/retailnext/tfref/cmd/tfref/main.go:71.16,74.3 2 0
github.com/retailnext/tfref/cmd/tfref/main.go:76.2,77.23 2 0
github.com/retailnext/tfref/cmd/tfref/main.go:77.23,80.3 2 0
github.com/retailnext/tfref/cmd/tfref/main.go:82.2,83.16 2 0
github.com/retailnext/tfref/cmd/tfref/main.go:83.16,86.3 2 0
github.com/retailnext/tfref/cmd/tfref/main.go:88.2,88.38 1 0
github.com/retailnext/tfref/cmd/tfref/main.go:88.38,91.3 2 0
github.com/retailnext/tfref/cmd/tfref/main.go:93.2,94.20 2 0
github.com/retailnext/tfref/cmd/tfref/main.go:95.17,96.49 1 0
github.com/retailnext/tfref/cmd/tfref/main.go:97.10,98.50 1 0
github.com/retailnext/tfref/cmd/tfref/main.go:101.2,101.74 1 0
github.com/retailnext/tfref/cmd/tfref/main.go:109.42,116.33 5 0
github.com/retailnext/tfref/cmd/tfref/main.go:116.33,118.33 2 0
github.com/retailnext/tfref/cmd/tfref/main.go:118.33,120.12 2 0
github.com/retailnext/tfref/cmd/tfref/main.go:122.3,124.57 3 0
github.com/retailnext/tfref/cmd/tfref/main.go:124.57,126.21 2 0
github.com/retailnext/tfref/cmd/tfref/main.go:126.21,128.5 1 0
github.com/retailnext/tfref/cmd/tfref/main.go:131.2,133.15 3 0
github.com/retailnext/tfref/format.go:26.95,27.40 1 1
github.com/retailnext/tfref/format.go:27.40,27.82 1 1
github.com/retailnext/tfref/format.go:29.2,32.23 4 1
github.com/retailnext/tfref/format.go:32.23,34.3 1 1
github.com/retailnext/tfref/format.go:35.2,53.28 11 1
github.com/retailnext/tfref/format.go:53.28,65.3 6 1
github.com/retailnext/tfref/format.go:68.2,69.27 2 1
github.com/retailnext/tfref/format.go:69.27,70.21 1 1
github.com/retailnext/tfref/format.go:70.21,72.4 1 1
github.com/retailnext/tfref/format.go:74.2,75.23 2 1
github.com/retailnext/tfref/format.go:75.23,76.30 1 1
github.com/retailnext/tfref/format.go:76.30,78.4 1 1
github.com/retailnext/tfref/format.go:79.3,79.10 1 1
github.com/retailnext/tfref/format.go:83.2,83.40 1 1
github.com/retailnext/tfref/format.go:83.40,84.37 1 1
github.com/retailnext/tfref/format.go:84.37,86.4 1 1
github.com/retailnext/tfref/format.go:87.3,87.35 1 0
github.com/retailnext/tfref/format.go:89.2,89.26 1 1
github.com/retailnext/tfref/format.go:89.26,93.3 2 1
github.com/retailnext/tfref/format.go:95.2,95.10 1 1
github.com/retailnext/tfref/format.go:103.32,104.24 1 1
github.com/retailnext/tfref/format.go:104.24,106.3 1 1
github.com/retailnext/tfref/format.go:107.2,108.48 2 1
github.com/retailnext/tfref/format.go:112.32,114.2 1 1
github.com/retailnext/tfref/format.go:116.42,117.29 1 1
github.com/retailnext/tfref/format.go:117.29,119.3 1 0
github.com/retailnext/tfref/format.go:120.2,121.16 2 1
github.com/retailnext/tfref/format.go:121.16,123.3 1 0
github.com/retailnext/tfref/format.go:124.2,124.12 1 1
github.com/retailnext/tfref/model.go:40.33,41.24 1 0
github.com/retailnext/tfref/model.go:41.24,43.3 1 0
github.com/retailnext/tfref/model.go:44.2,44.37 1 0
github.com/retailnext/tfref/model.go:62.30,69.2 1 0
github.com/retailnext/tfref/model.go:89.24,95.2 1 1
github.com/retailnext/tfref/model.go:99.28,102.2 2 1
github.com/retailnext/tfref/parse.go:40.88,41.73 1 1
github.com/retailnext/tfref/parse.go:41.73,43.46 2 1
github.com/retailnext/tfref/parse.go:43.46,45.4 1 1
github.com/retailnext/tfref/parse.go:46.3,46.24 1 1
github.com/retailnext/tfref/parse.go:48.2,48.39 1 1
github.com/retailnext/tfref/parse.go:48.39,49.27 1 1
github.com/retailnext/tfref/parse.go:49.27,51.4 1 1
github.com/retailnext/tfref/parse.go:53.2,53.18 1 1
github.com/retailnext/tfref/parse.go:61.53,64.16 3 1
github.com/retailnext/tfref/parse.go:64.16,67.3 1 1
github.com/retailnext/tfref/parse.go:68.2,69.76 2 1
github.com/retailnext/tfref/parse.go:72.68,75.16 3 1
github.com/retailnext/tfref/parse.go:75.16,77.3 1 1
github.com/retailnext/tfref/parse.go:78.2,79.37 2 1
github.com/retailnext/tfref/parse.go:100.9,101.25 1 1
github.com/retailnext/tfref/parse.go:101.25,103.3 1 0
github.com/retailnext/tfref/parse.go:104.2,109.16 3 1
github.com/retailnext/tfref/parse.go:109.16,111.3 1 0
github.com/retailnext/tfref/parse.go:112.2,113.16 2 1
github.com/retailnext/tfref/parse.go:113.16,115.3 1 0
github.com/retailnext/tfref/parse.go:116.2,120.29 3 1
github.com/retailnext/tfref/parse.go:120.29,122.17 2 1
github.com/retailnext/tfref/parse.go:122.17,124.4 1 0
github.com/retailnext/tfref/parse.go:125.3,126.24 2 1
github.com/retailnext/tfref/parse.go:126.24,128.4 1 0
github.com/retailnext/tfref/parse.go:129.3,130.10 2 1
github.com/retailnext/tfref/parse.go:130.10,131.12 1 0
github.com/retailnext/tfref/parse.go:134.3,134.37 1 1
github.com/retailnext/tfref/parse.go:134.37,135.22 1 1
github.com/retailnext/tfref/parse.go:137.18,139.55 1 1
github.com/retailnext/tfref/parse.go:139.55,143.6 3 1
github.com/retailnext/tfref/parse.go:145.18,146.31 1 1
github.com/retailnext/tfref/parse.go:146.31,147.14 1 0
github.com/retailnext/tfref/parse.go:149.5,159.55 6 1
github.com/retailnext/tfref/parse.go:159.55,160.22 1 1
github.com/retailnext/tfref/parse.go:161.20,162.88 1 1
github.com/retailnext/tfref/parse.go:162.88,164.8 1 1
github.com/retailnext/tfref/parse.go:165.7,165.15 1 1
github.com/retailnext/tfref/parse.go:166.34,167.15 1 1
github.com/retailnext/tfref/parse.go:168.45,172.50 2 1
github.com/retailnext/tfref/parse.go:172.50,174.25 2 1
github.com/retailnext/tfref/parse.go:174.25,175.17 1 0
github.com/retailnext/tfref/parse.go:177.8,177.72 1 1
github.com/retailnext/tfref/parse.go:179.7,179.15 1 1
github.com/retailnext/tfref/parse.go:182.6,182.49 1 1
github.com/retailnext/tfref/parse.go:182.49,184.24 2 1
github.com/retailnext/tfref/parse.go:184.24,185.16 1 1
github.com/retailnext/tfref/parse.go:187.7,193.21 3 1
github.com/retailnext/tfref/parse.go:197.5,198.21 2 1
github.com/retailnext/tfref/parse.go:198.21,199.72 1 1
github.com/retailnext/tfref/parse.go:199.72,201.7 1 1
github.com/retailnext/tfref/parse.go:201.12,206.78 2 1
github.com/retailnext/tfref/parse.go:206.78,208.8 1 1
github.com/retailnext/tfref/parse.go:209.7,212.8 1 1
github.com/retailnext/tfref/parse.go:215.5,215.36 1 1
github.com/retailnext/tfref/parse.go:217.38,232.55 5 1
github.com/retailnext/tfref/parse.go:232.55,233.22 1 1
github.com/retailnext/tfref/parse.go:234.24,235.50 1 1
github.com/retailnext/tfref/parse.go:235.50,237.32 2 1
github.com/retailnext/tfref/parse.go:237.32,238.17 1 0
github.com/retailnext/tfref/parse.go:240.8,241.72 2 1
github.com/retailnext/tfref/parse.go:243.14,244.56 1 1
github.com/retailnext/tfref/parse.go:248.12,250.19 2 1
github.com/retailnext/tfref/parse.go:250.19,251.14 1 0
github.com/retailnext/tfref/parse.go:253.5,255.55 3 1
github.com/retailnext/tfref/parse.go:261.2,261.31 1 1
github.com/retailnext/tfref/parse.go:261.31,262.26 1 1
github.com/retailnext/tfref/parse.go:262.26,263.101 1 1
github.com/retailnext/tfref/parse.go:263.101,265.5 1 0
github.com/retailnext/tfref/parse.go:272.2,272.31 1 1
github.com/retailnext/tfref/parse.go:272.31,273.55 1 1
github.com/retailnext/tfref/parse.go:273.55,275.34 2 1
github.com/retailnext/tfref/parse.go:275.34,278.5 2 1
github.com/retailnext/tfref/parse.go:287.2,287.31 1 1
github.com/retailnext/tfref/parse.go:287.31,290.3 2 1
github.com/retailnext/tfref/parse.go:292.2,292.12 1 1
github.com/retailnext/tfref/parse.go:297.83,298.52 1 1
github.com/retailnext/tfref/parse.go:298.52,300.3 1 1
github.com/retailnext/tfref/parse.go:308.89,310.37 2 1
github.com/retailnext/tfref/parse.go:310.37,311.28 1 1
github.com/retailnext/tfref/parse.go:311.28,312.45 1 1
github.com/retailnext/tfref/parse.go:312.45,313.13 1 1
github.com/retailnext/tfref/parse.go:315.4,315.46 1 1
github.com/retailnext/tfref/parse.go:315.46,319.5 3 1
github.com/retailnext/tfref/parse.go:328.90,330.37 2 1
github.com/retailnext/tfref/parse.go:330.37,331.28 1 1
github.com/retailnext/tfref/parse.go:331.28,332.54 1 1
github.com/retailnext/tfref/parse.go:332.54,333.13 1 1
github.com/retailnext/tfref/parse.go:335.4,335.40 1 1
github.com/retailnext/tfref/parse.go:335.40,336.94 1 1
github.com/retailnext/tfref/parse.go:336.94,338.6 1 1
github.com/retailnext/tfref/parse.go:346.88,347.39 1 1
github.com/retailnext/tfref/parse.go:347.39,349.3 1 1
github.com/retailnext/tfref/parse.go:350.2,350.36 1 1
github.com/retailnext/tfref/parse.go:350.36,352.3 1 0
github.com/retailnext/tfref/parse.go:357.93,358.40 1 1
github.com/retailnext/tfref/parse.go:358.40,360.35 2 1
github.com/retailnext/tfref/parse.go:360.35,361.12 1 1
github.com/retailnext/tfref/parse.go:363.3,363.67 1 1
github.com/retailnext/tfref/query.go:23.51,24.27 1 1
github.com/retailnext/tfref/query.go:24.27,26.3 1 1
github.com/retailnext/tfref/query.go:28.2,29.15 2 1
github.com/retailnext/tfref/query.go:29.15,31.3 1 1
github.com/retailnext/tfref/query.go:32.2,33.31 2 1
github.com/retailnext/tfref/query.go:33.31,34.83 1 1
github.com/retailnext/tfref/query.go:34.83,36.4 1 0
github.com/retailnext/tfref/query.go:38.2,38.14 1 1
github.com/retailnext/tfref/query.go:53.37,58.45 3 1
github.com/retailnext/tfref/query.go:58.45,61.3 2 1
github.com/retailnext/tfref/query.go:62.2,65.3 1 1
github.com/retailnext/tfref/query.go:72.47,73.43 1 1
github.com/retailnext/tfref/query.go:73.43,75.3 1 1
github.com/retailnext/tfref/query.go:76.2,76.24 1 1
github.com/retailnext/tfref/query.go:76.24,78.3 1 1
github.com/retailnext/tfref/query.go:79.2,79.42 1 0
github.com/retailnext/tfref/query.go:88.54,91.9 3 1
github.com/retailnext/tfref/query.go:91.9,93.3 1 1
github.com/retailnext/tfref/query.go:94.2,95.28 2 1
github.com/retailnext/tfref/query.go:95.28,96.16 1 1
github.com/retailnext/tfref/query.go:96.16,99.4 2 1
github.com/retailnext/tfref/query.go:107.2,108.35 2 1
github.com/retailnext/tfref/query.go:108.35,109.89 1 1
github.com/retailnext/tfref/query.go:109.89,111.4 1 1
github.com/retailnext/tfref/query.go:113.2,113.34 1 1
github.com/retailnext/tfref/query.go:113.34,114.89 1 1
github.com/retailnext/tfref/query.go:114.89,116.4 1 1
github.com/retailnext/tfref/query.go:119.2,119.14 1 1
github.com/retailnext/tfref/query.go:132.69,141.26 5 1
github.com/retailnext/tfref/query.go:141.26,142.18 1 1
github.com/retailnext/tfref/query.go:142.18,145.4 2 1
github.com/retailnext/tfref/query.go:147.2,149.21 2 1
github.com/retailnext/tfref/query.go:149.21,153.48 3 1
github.com/retailnext/tfref/query.go:153.48,154.26 1 1
github.com/retailnext/tfref/query.go:154.26,158.5 3 1
github.com/retailnext/tfref/query.go:161.2,161.16 1 1
github.com/retailnext/tfref/query.go:166.68,176.21 5 1
github.com/retailnext/tfref/query.go:176.21,180.47 3 1
github.com/retailnext/tfref/query.go:180.47,182.24 2 1
github.com/retailnext/tfref/query.go:182.24,185.5 2 1
github.com/retailnext/tfref/query.go:188.2,188.16 1 1
github.com/retailnext/tfref/query.go:193.53,195.23 2 0
github.com/retailnext/tfref/query.go:195.23,198.3 2 0
github.com/retailnext/tfref/query.go:199.2,200.23 2 0
github.com/retailnext/tfref/query.go:205.52,207.23 2 0
github.com/retailnext/tfref/query.go:207.23,210.3 2 0
github.com/retailnext/tfref/query.go:211.2,212.23 2 0
github.com/retailnext/tfref/query.go:215.45,216.28 1 0
github.com/retailnext/tfref/query.go:216.28,223.3 5 0
github.com/retailnext/tfref/resolve.go:27.50,28.26 1 1
github.com/retailnext/tfref/resolve.go:29.24,30.22 1 1
github.com/retailnext/tfref/resolve.go:31.25,32.71 1 1
github.com/retailnext/tfref/resolve.go:32.71,34.4 1 1
github.com/retailnext/tfref/resolve.go:36.3,36.19 1 1
github.com/retailnext/tfref/resolve.go:38.2,38.18 1 0
github.com/retailnext/tfref/resolve.go:50.67,51.17 1 1
github.com/retailnext/tfref/resolve.go:51.17,53.3 1 0
github.com/retailnext/tfref/resolve.go:54.2,55.9 2 1
github.com/retailnext/tfref/resolve.go:55.9,57.3 1 0
github.com/retailnext/tfref/resolve.go:63.2,64.29 2 1
github.com/retailnext/tfref/resolve.go:64.29,66.10 2 1
github.com/retailnext/tfref/resolve.go:66.10,67.9 1 1
github.com/retailnext/tfref/resolve.go:69.3,70.27 2 1
github.com/retailnext/tfref/resolve.go:70.27,71.9 1 1
github.com/retailnext/tfref/resolve.go:75.2,76.19 2 1
github.com/retailnext/tfref/resolve.go:77.13,79.27 1 1
github.com/retailnext/tfref/resolve.go:79.27,81.4 1 1
github.com/retailnext/tfref/resolve.go:83.15,85.27 1 1
github.com/retailnext/tfref/resolve.go:85.27,87.4 1 1
github.com/retailnext/tfref/resolve.go:89.16,100.22 2 1
github.com/retailnext/tfref/resolve.go:100.22,101.9 1 0
github.com/retailnext/tfref/resolve.go:104.3,105.10 2 1
github.com/retailnext/tfref/resolve.go:105.10,106.9 1 0
github.com/retailnext/tfref/resolve.go:108.3,112.21 3 1
github.com/retailnext/tfref/resolve.go:112.21,113.55 1 1
github.com/retailnext/tfref/resolve.go:113.55,115.5 1 1
github.com/retailnext/tfref/resolve.go:117.3,117.21 1 1
github.com/retailnext/tfref/resolve.go:117.21,118.45 1 1
github.com/retailnext/tfref/resolve.go:118.45,120.5 1 1
github.com/retailnext/tfref/resolve.go:123.14,125.27 1 0
github.com/retailnext/tfref/resolve.go:125.27,127.4 1 0
github.com/retailnext/tfref/resolve.go:129.52,131.18 1 1
github.com/retailnext/tfref/resolve.go:133.10,135.27 1 1
github.com/retailnext/tfref/resolve.go:135.27,137.4 1 1
github.com/retailnext/tfref/resolve.go:140.2,140.16 1 1
github.com/retailnext/tfref/resolve.go:140.16,142.3 1 0
github.com/retailnext/tfref/resolve.go:143.2,143.51 1 1
github.com/retailnext/tfref/resolve.go:148.49,149.20 1 1
github.com/retailnext/tfref/resolve.go:150.18,151.29 1 1
github.com/retailnext/tfref/resolve.go:151.29,153.4 1 1
github.com/retailnext/tfref/resolve.go:154.14,155.29 1 1
github.com/retailnext/tfref/resolve.go:155.29,157.4 1 1
github.com/retailnext/tfref/resolve.go:158.18,159.29 1 1
github.com/retailnext/tfref/resolve.go:159.29,161.4 1 1
github.com/retailnext/tfref/resolve.go:162.16,163.29 1 1
github.com/retailnext/tfref/resolve.go:163.29,165.4 1 1
github.com/retailnext/tfref/resolve.go:166.16,167.29 1 0
github.com/retailnext/tfref/resolve.go:167.29,169.4 1 0
github.com/retailnext/tfref/resolve.go:171.2,171.11 1 0
github.com/retailnext/tfref/resolve.go:185.89,190.22 3 1
github.com/retailnext/tfref/resolve.go:190.22,192.31 2 1
github.com/retailnext/tfref/resolve.go:193.25,194.21 1 1
github.com/retailnext/tfref/resolve.go:195.25,196.21 1 1
github.com/retailnext/tfref/resolve.go:198.3,198.27 1 1
github.com/retailnext/tfref/resolve.go:198.27,199.9 1 1
github.com/retailnext/tfref/resolve.go:201.3,202.10 2 1
github.com/retailnext/tfref/resolve.go:202.10,203.9 1 0
github.com/retailnext/tfref/resolve.go:205.3,206.20 2 1
github.com/retailnext/tfref/resolve.go:209.2,209.21 1 1
github.com/retailnext/tfref/resolve.go:209.21,212.3 1 0
github.com/retailnext/tfref/resolve.go:218.2,220.30 3 1
github.com/retailnext/tfref/resolve.go:221.24,222.21 1 1
github.com/retailnext/tfref/resolve.go:223.24,224.21 1 1
github.com/retailnext/tfref/resolve.go:225.10,226.25 1 0
github.com/retailnext/tfref/resolve.go:232.2,233.28 2 1
github.com/retailnext/tfref/resolve.go:233.28,235.10 2 1
github.com/retailnext/tfref/resolve.go:235.10,236.12 1 0
github.com/retailnext/tfref/resolve.go:238.3,239.52 2 1
github.com/retailnext/tfref/resolve.go:239.52,240.9 1 1
github.com/retailnext/tfref/resolve.go:242.3,242.26 1 0
github.com/retailnext/tfref/resolve.go:242.26,243.9 1 0
github.com/retailnext/tfref/resolve.go:247.2,247.24 1 1
github.com/retailnext/tfref/resolve.go:247.24,249.3 1 0
github.com/retailnext/tfref/resolve.go:250.2,250.63 1 1
github.com/retailnext/tfref/resolve.go:257.48,258.16 1 1
github.com/retailnext/tfref/resolve.go:258.16,260.3 1 1
github.com/retailnext/tfref/resolve.go:261.2,261.27 1 0
github.com/retailnext/tfref/resolve.go:272.57,273.22 1 1
github.com/retailnext/tfref/resolve.go:273.22,275.3 1 1
github.com/retailnext/tfref/resolve.go:276.2,278.26 3 0
github.com/retailnext/tfref/resolve.go:278.26,280.3 1 0
github.com/retailnext/tfref/resolve.go:281.2,282.32 2 0
